Flow report for DE0_Nano
<<<<<<< HEAD
Sun Aug 18 02:02:27 2024
=======
Fri Aug 02 06:55:33 2024
>>>>>>> origin/main
Quartus Prime Version 18.1.1 Build 646 04/11/2019 SJ Lite Edition


---------------------
; Table of Contents ;
---------------------
  1. Legal Notice
  2. Flow Summary
  3. Flow Settings
  4. Flow Non-Default Global Settings
  5. Flow Elapsed Time
  6. Flow OS Summary
  7. Flow Log
  8. Flow Messages
  9. Flow Suppressed Messages



----------------
; Legal Notice ;
----------------
Copyright (C) 2019  Intel Corporation. All rights reserved.
Your use of Intel Corporation's design tools, logic functions 
and other software and tools, and any partner logic 
functions, and any output files from any of the foregoing 
(including device programming or simulation files), and any 
associated documentation or information are expressly subject 
to the terms and conditions of the Intel Program License 
Subscription Agreement, the Intel Quartus Prime License Agreement,
the Intel FPGA IP License Agreement, or other applicable license
agreement, including, without limitation, that your use is for
the sole purpose of programming logic devices manufactured by
Intel and sold by Intel or its authorized distributors.  Please
refer to the applicable agreement for further details, at
https://fpgasoftware.intel.com/eula.



+----------------------------------------------------------------------------------+
; Flow Summary                                                                     ;
+------------------------------------+---------------------------------------------+
<<<<<<< HEAD
; Flow Status                        ; Successful - Sun Aug 18 02:02:08 2024       ;
=======
; Flow Status                        ; Successful - Fri Aug 02 06:55:21 2024       ;
>>>>>>> origin/main
; Quartus Prime Version              ; 18.1.1 Build 646 04/11/2019 SJ Lite Edition ;
; Revision Name                      ; DE0_Nano                                    ;
; Top-level Entity Name              ; de0_nano_top                                ;
; Family                             ; Cyclone IV E                                ;
; Device                             ; EP4CE22F17C6                                ;
; Timing Models                      ; Final                                       ;
<<<<<<< HEAD
; Total logic elements               ; 4,942 / 22,320 ( 22 % )                     ;
;     Total combinational functions  ; 3,958 / 22,320 ( 18 % )                     ;
;     Dedicated logic registers      ; 3,429 / 22,320 ( 15 % )                     ;
; Total registers                    ; 3498                                        ;
; Total pins                         ; 62 / 154 ( 40 % )                           ;
; Total virtual pins                 ; 0                                           ;
; Total memory bits                  ; 12,288 / 608,256 ( 2 % )                    ;
=======
; Total logic elements               ; 3,585 / 22,320 ( 16 % )                     ;
;     Total combinational functions  ; 3,333 / 22,320 ( 15 % )                     ;
;     Dedicated logic registers      ; 2,087 / 22,320 ( 9 % )                      ;
; Total registers                    ; 2156                                        ;
; Total pins                         ; 62 / 154 ( 40 % )                           ;
; Total virtual pins                 ; 0                                           ;
; Total memory bits                  ; 11,264 / 608,256 ( 2 % )                    ;
>>>>>>> origin/main
; Embedded Multiplier 9-bit elements ; 0 / 132 ( 0 % )                             ;
; Total PLLs                         ; 1 / 4 ( 25 % )                              ;
+------------------------------------+---------------------------------------------+


+-----------------------------------------+
; Flow Settings                           ;
+-------------------+---------------------+
; Option            ; Setting             ;
+-------------------+---------------------+
<<<<<<< HEAD
; Start date & time ; 08/18/2024 01:56:03 ;
=======
; Start date & time ; 08/02/2024 06:51:30 ;
>>>>>>> origin/main
; Main task         ; Compilation         ;
; Revision Name     ; DE0_Nano            ;
+-------------------+---------------------+


+----------------------------------------------------------------------------------------------------------------------------------------------------------------------+
; Flow Non-Default Global Settings                                                                                                                                     ;
+---------------------------------------------------+-------------------------------------------------------------------+---------------+-----------------+------------+
; Assignment Name                                   ; Value                                                             ; Default Value ; Entity Name     ; Section Id ;
+---------------------------------------------------+-------------------------------------------------------------------+---------------+-----------------+------------+
<<<<<<< HEAD
; COMPILER_SIGNATURE_ID                             ; 90274928606859.172391376203596                                    ; --            ; --              ; --         ;
=======
; COMPILER_SIGNATURE_ID                             ; 90274928606859.172254908903032                                    ; --            ; --              ; --         ;
>>>>>>> origin/main
; CYCLONEII_OPTIMIZATION_TECHNIQUE                  ; Speed                                                             ; Balanced      ; --              ; --         ;
; FITTER_EFFORT                                     ; Standard Fit                                                      ; Auto Fit      ; --              ; --         ;
; IGNORE_PARTITIONS                                 ; On                                                                ; Off           ; --              ; --         ;
; MAX_CORE_JUNCTION_TEMP                            ; 85                                                                ; --            ; --              ; --         ;
; MIN_CORE_JUNCTION_TEMP                            ; 0                                                                 ; --            ; --              ; --         ;
; MISC_FILE                                         ; de0_nano_system/synthesis/../de0_nano_system.cmp                  ; --            ; --              ; --         ;
; MISC_FILE                                         ; de0_nano_system/synthesis/../../de0_nano_system.qsys              ; --            ; --              ; --         ;
; MUX_RESTRUCTURE                                   ; Off                                                               ; Auto          ; --              ; --         ;
; OUTPUT_IO_TIMING_FAR_END_VMEAS                    ; Half Signal Swing                                                 ; --            ; --              ; --         ;
; OUTPUT_IO_TIMING_FAR_END_VMEAS                    ; Half Signal Swing                                                 ; --            ; --              ; --         ;
; OUTPUT_IO_TIMING_NEAR_END_VMEAS                   ; Half Vccio                                                        ; --            ; --              ; --         ;
; OUTPUT_IO_TIMING_NEAR_END_VMEAS                   ; Half Vccio                                                        ; --            ; --              ; --         ;
; PARTITION_COLOR                                   ; -- (Not supported for targeted family)                            ; --            ; de0_nano_top    ; Top        ;
; PARTITION_FITTER_PRESERVATION_LEVEL               ; -- (Not supported for targeted family)                            ; --            ; de0_nano_top    ; Top        ;
; PARTITION_NETLIST_TYPE                            ; -- (Not supported for targeted family)                            ; --            ; de0_nano_top    ; Top        ;
; PHYSICAL_SYNTHESIS_ASYNCHRONOUS_SIGNAL_PIPELINING ; On                                                                ; Off           ; --              ; --         ;
; PHYSICAL_SYNTHESIS_COMBO_LOGIC                    ; On                                                                ; Off           ; --              ; --         ;
; PHYSICAL_SYNTHESIS_REGISTER_DUPLICATION           ; On                                                                ; Off           ; --              ; --         ;
; PHYSICAL_SYNTHESIS_REGISTER_RETIMING              ; On                                                                ; Off           ; --              ; --         ;
; POWER_BOARD_THERMAL_MODEL                         ; None (CONSERVATIVE)                                               ; --            ; --              ; --         ;
; POWER_PRESET_COOLING_SOLUTION                     ; 23 MM HEAT SINK WITH 200 LFPM AIRFLOW                             ; --            ; --              ; --         ;
; PROJECT_OUTPUT_DIRECTORY                          ; output_files                                                      ; --            ; --              ; --         ;
; QII_AUTO_PACKED_REGISTERS                         ; Normal                                                            ; Auto          ; --              ; --         ;
; ROUTER_CLOCKING_TOPOLOGY_ANALYSIS                 ; On                                                                ; Off           ; --              ; --         ;
; ROUTER_LCELL_INSERTION_AND_LOGIC_DUPLICATION      ; On                                                                ; Auto          ; --              ; --         ;
; ROUTER_TIMING_OPTIMIZATION_LEVEL                  ; MAXIMUM                                                           ; Normal        ; --              ; --         ;
; SLD_FILE                                          ; de0_nano_system/synthesis/de0_nano_system.regmap                  ; --            ; --              ; --         ;
; SLD_FILE                                          ; de0_nano_system/synthesis/de0_nano_system.debuginfo               ; --            ; --              ; --         ;
<<<<<<< HEAD
; SLD_INFO                                          ; QSYS_NAME de0_nano_system HAS_SOPCINFO 1 GENERATION_ID 1723913641 ; --            ; de0_nano_system ; --         ;
; SMART_RECOMPILE                                   ; On                                                                ; Off           ; --              ; --         ;
; SOPCINFO_FILE                                     ; de0_nano_system/synthesis/../../de0_nano_system.sopcinfo          ; --            ; --              ; --         ;
; SYNCHRONIZER_IDENTIFICATION                       ; Auto                                                              ; Off           ; --              ; --         ;
=======
; SLD_INFO                                          ; QSYS_NAME de0_nano_system HAS_SOPCINFO 1 GENERATION_ID 1722548983 ; --            ; de0_nano_system ; --         ;
; SMART_RECOMPILE                                   ; On                                                                ; Off           ; --              ; --         ;
; SOPCINFO_FILE                                     ; de0_nano_system/synthesis/../../de0_nano_system.sopcinfo          ; --            ; --              ; --         ;
>>>>>>> origin/main
; SYNTHESIS_ONLY_QIP                                ; On                                                                ; --            ; --              ; --         ;
; TOP_LEVEL_ENTITY                                  ; de0_nano_top                                                      ; DE0_Nano      ; --              ; --         ;
+---------------------------------------------------+-------------------------------------------------------------------+---------------+-----------------+------------+


+--------------------------------------------------------------------------------------------------------------------------+
; Flow Elapsed Time                                                                                                        ;
+----------------------+--------------+-------------------------+---------------------+------------------------------------+
; Module Name          ; Elapsed Time ; Average Processors Used ; Peak Virtual Memory ; Total CPU Time (on all processors) ;
+----------------------+--------------+-------------------------+---------------------+------------------------------------+
<<<<<<< HEAD
; Analysis & Synthesis ; 00:03:45     ; 1.0                     ; 4925 MB             ; 00:05:36                           ;
; Fitter               ; 00:01:59     ; 1.1                     ; 5325 MB             ; 00:02:28                           ;
; Assembler            ; 00:00:06     ; 1.0                     ; 4697 MB             ; 00:00:06                           ;
; Timing Analyzer      ; 00:00:17     ; 1.2                     ; 4818 MB             ; 00:00:18                           ;
; Total                ; 00:06:07     ; --                      ; --                  ; 00:08:28                           ;
=======
; Analysis & Synthesis ; 00:02:29     ; 1.0                     ; 4923 MB             ; 00:03:41                           ;
; Fitter               ; 00:01:11     ; 1.1                     ; 5396 MB             ; 00:01:24                           ;
; Assembler            ; 00:00:04     ; 1.0                     ; 4692 MB             ; 00:00:04                           ;
; Timing Analyzer      ; 00:00:11     ; 1.2                     ; 4805 MB             ; 00:00:10                           ;
; Total                ; 00:03:55     ; --                      ; --                  ; 00:05:19                           ;
>>>>>>> origin/main
+----------------------+--------------+-------------------------+---------------------+------------------------------------+


+------------------------------------------------------------------------------------+
; Flow OS Summary                                                                    ;
+----------------------+------------------+------------+------------+----------------+
; Module Name          ; Machine Hostname ; OS Name    ; OS Version ; Processor type ;
+----------------------+------------------+------------+------------+----------------+
; Analysis & Synthesis ; suyama           ; Windows 10 ; 10.0       ; x86_64         ;
; Fitter               ; suyama           ; Windows 10 ; 10.0       ; x86_64         ;
; Assembler            ; suyama           ; Windows 10 ; 10.0       ; x86_64         ;
; Timing Analyzer      ; suyama           ; Windows 10 ; 10.0       ; x86_64         ;
+----------------------+------------------+------------+------------+----------------+


------------
; Flow Log ;
------------
quartus_map --read_settings_files=on --write_settings_files=off de0_nano_ptmch -c DE0_Nano
quartus_fit --read_settings_files=off --write_settings_files=off de0_nano_ptmch -c DE0_Nano
quartus_asm --read_settings_files=off --write_settings_files=off de0_nano_ptmch -c DE0_Nano
quartus_sta de0_nano_ptmch -c DE0_Nano



